18-Oct-2019 14:26:56
none
polarangle = [ 0   90  180  270 ]
18-Oct-2019 14:32:31
none
polarangle = [ 0   90  180  270 ]

curStair	trial	adjustValue(contrast)	correct	altValue(present_or_absent)	responseKey	polarangle	
18-Oct-2019 14:38:11
none
polarangle = [ 0   90  180  270 ]

curStair	trial	adjustValue(contrast)	correct	altValue(present_or_absent)	responseKey	polarangle	
18-Oct-2019 15:25:06
none
testPosition = [ 0   90  180  270 ]

curStair	trial	adjustValue(contrast)	correct	altValue(present_or_absent)	responseKey	testPosition	
18-Oct-2019 15:28:17
none
testPosition = [ 0   90  180  270 ]

curStair	trial	adjustValue(contrast)	correct	altValue(present_or_absent)	responseKey	testPosition	
18-Oct-2019 15:30:44
none
testPosition = [ 0   90  180  270 ]

curStair	trial	adjustValue(contrast)	correct	altValue(present_or_absent)	responseKey	testPosition	
18-Oct-2019 15:34:26
none
testPosition = [ 0   90  180  270 ]

curStair	trial	adjustValue(contrast)	correct	altValue(present_or_absent)	responseKey	testPosition	
18-Oct-2019 15:38:56
none
testPosition = [ 0   90  180  270 ]

curStair	trial	adjustValue(contrast)	correct	altValue(present_or_absent)	responseKey	testPosition	
18-Oct-2019 15:44:45
none
testPosition = [ 0   90  180  270 ]

curStair	trial	adjustValue(contrast)	correct	altValue(present_or_absent)	responseKey	testPosition	
1	1	0.0002	0	1	s	0.0000	
2	1	0.0002	0	0	a	90.0000	
1	2	0.0002	0	1	s	0.0000	
3	1	0.0002	1	0	s	180.0000	
18-Oct-2019 15:47:57
none
18-Oct-2019 15:49:22
none
testPosition = [ 0   90  180  270 ]

curStair	trial	adjustValue(contrast)	correct	altValue(present_or_absent)	responseKey	testPosition	
4	1	0.0002	0	1	s	270.0000	
2	1	0.0002	1	1	a	90.0000	
4	2	0.0002	1	0	s	270.0000	
2	2	0.0001	1	0	s	90.0000	
2	3	0.0001	1	0	s	90.0000	
2	4	0.0000	1	0	s	90.0000	
2	5	0.0000	0	1	s	90.0000	
18-Oct-2019 15:51:40
none
testPosition = [ 0   90  180  270 ]

curStair	trial	adjustValue(contrast)	correct	altValue(present_or_absent)	responseKey	testPosition	
3	1	0.0398	0	1	s	180.0000	
4	1	0.0398	0	0	a	270.0000	
4	2	0.0398	1	0	s	270.0000	
2	1	0.0398	0	0	a	90.0000	
3	2	0.0398	0	0	a	180.0000	
18-Oct-2019 16:02:01
none
testPosition = [ 0   90  180  270 ]

curStair	trial	adjustValue(contrast)	correct	altValue(present_or_absent)	responseKey	testPosition	
1	1	0.1000	0	0	a	0.0000	
3	1	0.1000	1	0	s	180.0000	
2	1	0.1000	0	0	a	90.0000	
3	2	0.1083	0	1	s	180.0000	
4	1	0.1000	1	1	a	270.0000	
4	2	0.1083	1	1	a	270.0000	
4	3	0.1172	1	0	s	270.0000	
3	3	0.1172	0	0	a	180.0000	
3	4	0.1269	0	1	s	180.0000	
2	2	0.1083	1	0	s	90.0000	
3	5	0.1374	0	1	s	180.0000	
2	3	0.1172	0	0	a	90.0000	
1	2	0.1083	0	0	a	0.0000	
18-Oct-2019 16:04:16
none
testPosition = [ 0   90  180  270 ]

curStair	trial	adjustValue(contrast)	correct	altValue(present_or_absent)	responseKey	testPosition	
2	1	0.5000	0	1	s	90.0000	
4	1	0.5000	0	0	a	270.0000	
2	2	0.7500	1	0	s	90.0000	
1	1	0.5000	0	0	a	0.0000	
4	2	0.7500	0	0	a	270.0000	
3	1	0.5000	1	1	a	180.0000	
4	3	1.0000	1	1	a	270.0000	
1	2	0.7500	0	1	s	0.0000	
3	2	0.7500	0	0	a	180.0000	
3	3	1.0000	1	1	a	180.0000	
3	4	1.0000	0	0	a	180.0000	
1	3	1.0000	1	1	a	0.0000	
3	5	1.0000	1	1	a	180.0000	
4	4	1.0000	1	1	a	270.0000	
2	3	1.0000	1	1	a	90.0000	
4	5	1.0000	1	1	a	270.0000	
4	6	1.0000	0	1	s	270.0000	
1	4	1.0000	0	1	s	0.0000	
3	6	1.0000	0	1	s	180.0000	
3	7	1.0000	1	0	s	180.0000	
2	4	1.0000	0	1	s	90.0000	
4	7	1.0000	1	0	s	270.0000	
3	8	1.0000	0	1	s	180.0000	
1	5	1.0000	0	1	s	0.0000	
4	8	1.0000	0	1	s	270.0000	
2	5	1.0000	0	1	s	90.0000	
2	6	1.0000	1	0	s	90.0000	
2	7	1.0000	0	1	s	90.0000	
4	9	1.0000	0	1	s	270.0000	
1	6	1.0000	0	0	a	0.0000	
2	8	1.0000	0	0	a	90.0000	
2	9	1.0000	1	1	a	90.0000	
3	9	1.0000	1	1	a	180.0000	
2	10	1.0000	0	0	a	90.0000	
4	10	1.0000	1	1	a	270.0000	
4	11	1.0000	0	0	a	270.0000	
1	7	1.0000	0	0	a	0.0000	
3	10	1.0000	0	0	a	180.0000	
4	12	1.0000	1	1	a	270.0000	
1	8	1.0000	1	1	a	0.0000	
2	11	1.0000	0	0	a	90.0000	
4	13	1.0000	1	1	a	270.0000	
1	9	1.0000	1	1	a	0.0000	
3	11	1.0000	1	1	a	180.0000	
1	10	1.0000	1	1	a	0.0000	
3	12	1.0000	0	1	s	180.0000	
2	12	1.0000	1	0	s	90.0000	
2	13	1.0000	0	1	s	90.0000	
1	11	1.0000	0	1	s	0.0000	
4	14	1.0000	1	0	s	270.0000	
4	15	1.0000	1	0	s	270.0000	
4	16	1.0000	0	1	s	270.0000	
1	12	1.0000	0	1	s	0.0000	
2	14	1.0000	1	0	s	90.0000	
